time="2019-10-08T19:21:10+01:00" level=debug msg="OpenShift Installer v4.1.10-201908061216-dirty"
time="2019-10-08T19:21:10+01:00" level=debug msg="Built from commit 384dc9ba80080ae5b0f4e741da1928532e06b96f"
time="2019-10-08T19:21:10+01:00" level=fatal msg="Failed while preparing to destroy cluster: open ignition_files/metadata.json: no such file or directory"
time="2019-10-08T19:21:19+01:00" level=debug msg="OpenShift Installer v4.1.10-201908061216-dirty"
time="2019-10-08T19:21:19+01:00" level=debug msg="Built from commit 384dc9ba80080ae5b0f4e741da1928532e06b96f"
time="2019-10-08T19:21:19+01:00" level=debug msg="Fetching \"Terraform Variables\"..."
time="2019-10-08T19:21:19+01:00" level=debug msg="Loading \"Terraform Variables\"..."
time="2019-10-08T19:21:19+01:00" level=debug msg="  Loading \"Cluster ID\"..."
time="2019-10-08T19:21:19+01:00" level=debug msg="    Loading \"Install Config\"..."
time="2019-10-08T19:21:19+01:00" level=debug msg="      Loading \"SSH Key\"..."
time="2019-10-08T19:21:19+01:00" level=debug msg="      Loading \"Base Domain\"..."
time="2019-10-08T19:21:19+01:00" level=debug msg="        Loading \"Platform\"..."
time="2019-10-08T19:21:19+01:00" level=debug msg="      Loading \"Cluster Name\"..."
time="2019-10-08T19:21:19+01:00" level=debug msg="        Loading \"Base Domain\"..."
time="2019-10-08T19:21:19+01:00" level=debug msg="      Loading \"Pull Secret\"..."
time="2019-10-08T19:21:19+01:00" level=debug msg="      Loading \"Platform\"..."
time="2019-10-08T19:21:19+01:00" level=debug msg="  Loading \"Install Config\"..."
time="2019-10-08T19:21:19+01:00" level=debug msg="  Loading \"Image\"..."
time="2019-10-08T19:21:19+01:00" level=debug msg="    Loading \"Install Config\"..."
time="2019-10-08T19:21:19+01:00" level=debug msg="  Loading \"Bootstrap Ignition Config\"..."
time="2019-10-08T19:21:19+01:00" level=debug msg="    Loading \"Install Config\"..."
time="2019-10-08T19:21:19+01:00" level=debug msg="    Loading \"Kubeconfig Admin Client\"..."
time="2019-10-08T19:21:19+01:00" level=debug msg="      Loading \"Certificate (admin-kubeconfig-client)\"..."
time="2019-10-08T19:21:19+01:00" level=debug msg="        Loading \"Certificate (admin-kubeconfig-signer)\"..."
time="2019-10-08T19:21:19+01:00" level=debug msg="      Loading \"Certificate (kube-apiserver-complete-server-ca-bundle)\"..."
time="2019-10-08T19:21:19+01:00" level=debug msg="        Loading \"Certificate (kube-apiserver-localhost-ca-bundle)\"..."
time="2019-10-08T19:21:19+01:00" level=debug msg="          Loading \"Certificate (kube-apiserver-localhost-signer)\"..."
time="2019-10-08T19:21:19+01:00" level=debug msg="        Loading \"Certificate (kube-apiserver-service-network-ca-bundle)\"..."
time="2019-10-08T19:21:19+01:00" level=debug msg="          Loading \"Certificate (kube-apiserver-service-network-signer)\"..."
time="2019-10-08T19:21:19+01:00" level=debug msg="        Loading \"Certificate (kube-apiserver-lb-ca-bundle)\"..."
time="2019-10-08T19:21:19+01:00" level=debug msg="          Loading \"Certificate (kube-apiserver-lb-signer)\"..."
time="2019-10-08T19:21:19+01:00" level=debug msg="      Loading \"Install Config\"..."
time="2019-10-08T19:21:19+01:00" level=debug msg="    Loading \"Kubeconfig Kubelet\"..."
time="2019-10-08T19:21:19+01:00" level=debug msg="      Loading \"Certificate (kube-apiserver-complete-server-ca-bundle)\"..."
time="2019-10-08T19:21:19+01:00" level=debug msg="      Loading \"Certificate (kubelet-client)\"..."
time="2019-10-08T19:21:19+01:00" level=debug msg="        Loading \"Certificate (kubelet-bootstrap-kubeconfig-signer)\"..."
time="2019-10-08T19:21:19+01:00" level=debug msg="      Loading \"Install Config\"..."
time="2019-10-08T19:21:19+01:00" level=debug msg="    Loading \"Master Machines\"..."
time="2019-10-08T19:21:19+01:00" level=debug msg="      Loading \"Cluster ID\"..."
time="2019-10-08T19:21:19+01:00" level=debug msg="      Loading \"Platform Credentials Check\"..."
time="2019-10-08T19:21:19+01:00" level=debug msg="        Loading \"Install Config\"..."
time="2019-10-08T19:21:19+01:00" level=debug msg="      Loading \"Install Config\"..."
time="2019-10-08T19:21:19+01:00" level=debug msg="      Loading \"Image\"..."
time="2019-10-08T19:21:19+01:00" level=debug msg="      Loading \"Master Ignition Config\"..."
time="2019-10-08T19:21:19+01:00" level=debug msg="        Loading \"Install Config\"..."
time="2019-10-08T19:21:19+01:00" level=debug msg="        Loading \"Root CA\"..."
time="2019-10-08T19:21:19+01:00" level=debug msg="    Loading \"Worker Machines\"..."
time="2019-10-08T19:21:19+01:00" level=debug msg="      Loading \"Cluster ID\"..."
time="2019-10-08T19:21:19+01:00" level=debug msg="      Loading \"Platform Credentials Check\"..."
time="2019-10-08T19:21:19+01:00" level=debug msg="      Loading \"Install Config\"..."
time="2019-10-08T19:21:19+01:00" level=debug msg="      Loading \"Image\"..."
time="2019-10-08T19:21:19+01:00" level=debug msg="      Loading \"Worker Ignition Config\"..."
time="2019-10-08T19:21:19+01:00" level=debug msg="        Loading \"Install Config\"..."
time="2019-10-08T19:21:19+01:00" level=debug msg="        Loading \"Root CA\"..."
time="2019-10-08T19:21:19+01:00" level=debug msg="    Loading \"Common Manifests\"..."
time="2019-10-08T19:21:19+01:00" level=debug msg="      Loading \"Cluster ID\"..."
time="2019-10-08T19:21:19+01:00" level=debug msg="      Loading \"Install Config\"..."
time="2019-10-08T19:21:19+01:00" level=debug msg="      Loading \"Ingress Config\"..."
time="2019-10-08T19:21:19+01:00" level=debug msg="        Loading \"Install Config\"..."
time="2019-10-08T19:21:19+01:00" level=debug msg="      Loading \"DNS Config\"..."
time="2019-10-08T19:21:19+01:00" level=debug msg="        Loading \"Install Config\"..."
time="2019-10-08T19:21:19+01:00" level=debug msg="        Loading \"Cluster ID\"..."
time="2019-10-08T19:21:19+01:00" level=debug msg="        Loading \"Platform Credentials Check\"..."
time="2019-10-08T19:21:19+01:00" level=debug msg="      Loading \"Infrastructure Config\"..."
time="2019-10-08T19:21:19+01:00" level=debug msg="        Loading \"Cluster ID\"..."
time="2019-10-08T19:21:19+01:00" level=debug msg="        Loading \"Install Config\"..."
time="2019-10-08T19:21:19+01:00" level=debug msg="        Loading \"Cloud Provider Config\"..."
time="2019-10-08T19:21:19+01:00" level=debug msg="          Loading \"Install Config\"..."
time="2019-10-08T19:21:19+01:00" level=debug msg="          Loading \"Cluster ID\"..."
time="2019-10-08T19:21:19+01:00" level=debug msg="          Loading \"Platform Credentials Check\"..."
time="2019-10-08T19:21:19+01:00" level=debug msg="      Loading \"Network Config\"..."
time="2019-10-08T19:21:19+01:00" level=debug msg="        Loading \"Install Config\"..."
time="2019-10-08T19:21:19+01:00" level=debug msg="        Loading \"Network CRDs\"..."
time="2019-10-08T19:21:19+01:00" level=debug msg="      Loading \"Root CA\"..."
time="2019-10-08T19:21:19+01:00" level=debug msg="      Loading \"Certificate (etcd-signer)\"..."
time="2019-10-08T19:21:19+01:00" level=debug msg="      Loading \"Certificate (etcd-ca-bundle)\"..."
time="2019-10-08T19:21:19+01:00" level=debug msg="        Loading \"Certificate (etcd-signer)\"..."
time="2019-10-08T19:21:19+01:00" level=debug msg="      Loading \"Certificate (etcd-client)\"..."
time="2019-10-08T19:21:19+01:00" level=debug msg="        Loading \"Certificate (etcd-signer)\"..."
time="2019-10-08T19:21:19+01:00" level=debug msg="      Loading \"Certificate (etcd-metric-ca-bundle)\"..."
time="2019-10-08T19:21:19+01:00" level=debug msg="        Loading \"Certificate (etcd-metric-signer)\"..."
time="2019-10-08T19:21:19+01:00" level=debug msg="      Loading \"Certificate (etcd-metric-signer)\"..."
time="2019-10-08T19:21:19+01:00" level=debug msg="      Loading \"Certificate (etcd-metric-signer-client)\"..."
time="2019-10-08T19:21:19+01:00" level=debug msg="        Loading \"Certificate (etcd-metric-signer)\"..."
time="2019-10-08T19:21:19+01:00" level=debug msg="      Loading \"Certificate (mcs)\"..."
time="2019-10-08T19:21:19+01:00" level=debug msg="        Loading \"Root CA\"..."
time="2019-10-08T19:21:19+01:00" level=debug msg="        Loading \"Install Config\"..."
time="2019-10-08T19:21:19+01:00" level=debug msg="      Loading \"CVOOverrides\"..."
time="2019-10-08T19:21:19+01:00" level=debug msg="      Loading \"EtcdCAConfigMap\"..."
time="2019-10-08T19:21:19+01:00" level=debug msg="      Loading \"EtcdClientSecret\"..."
time="2019-10-08T19:21:19+01:00" level=debug msg="      Loading \"EtcdHostServiceEndpoints\"..."
time="2019-10-08T19:21:19+01:00" level=debug msg="      Loading \"EtcdHostService\"..."
time="2019-10-08T19:21:19+01:00" level=debug msg="      Loading \"EtcdMetricClientSecret\"..."
time="2019-10-08T19:21:19+01:00" level=debug msg="      Loading \"EtcdMetricServingCAConfigMap\"..."
time="2019-10-08T19:21:19+01:00" level=debug msg="      Loading \"EtcdMetricSignerSecret\"..."
time="2019-10-08T19:21:19+01:00" level=debug msg="      Loading \"EtcdNamespace\"..."
time="2019-10-08T19:21:19+01:00" level=debug msg="      Loading \"EtcdService\"..."
time="2019-10-08T19:21:19+01:00" level=debug msg="      Loading \"EtcdSignerSecret\"..."
time="2019-10-08T19:21:19+01:00" level=debug msg="      Loading \"KubeCloudConfig\"..."
time="2019-10-08T19:21:19+01:00" level=debug msg="      Loading \"EtcdServingCAConfigMap\"..."
time="2019-10-08T19:21:19+01:00" level=debug msg="      Loading \"KubeSystemConfigmapRootCA\"..."
time="2019-10-08T19:21:19+01:00" level=debug msg="      Loading \"MachineConfigServerTLSSecret\"..."
time="2019-10-08T19:21:19+01:00" level=debug msg="      Loading \"OpenshiftConfigSecretPullSecret\"..."
time="2019-10-08T19:21:19+01:00" level=debug msg="      Loading \"OpenshiftMachineConfigOperator\"..."
time="2019-10-08T19:21:19+01:00" level=debug msg="    Loading \"Openshift Manifests\"..."
time="2019-10-08T19:21:19+01:00" level=debug msg="      Loading \"Install Config\"..."
time="2019-10-08T19:21:19+01:00" level=debug msg="      Loading \"Cluster ID\"..."
time="2019-10-08T19:21:19+01:00" level=debug msg="      Loading \"Kubeadmin Password\"..."
time="2019-10-08T19:21:19+01:00" level=debug msg="      Loading \"BindingDiscovery\"..."
time="2019-10-08T19:21:19+01:00" level=debug msg="      Loading \"CloudCredsSecret\"..."
time="2019-10-08T19:21:19+01:00" level=debug msg="      Loading \"KubeadminPasswordSecret\"..."
time="2019-10-08T19:21:19+01:00" level=debug msg="      Loading \"RoleCloudCredsSecretReader\"..."
time="2019-10-08T19:21:19+01:00" level=debug msg="    Loading \"Certificate (admin-kubeconfig-ca-bundle)\"..."
time="2019-10-08T19:21:19+01:00" level=debug msg="      Loading \"Certificate (admin-kubeconfig-signer)\"..."
time="2019-10-08T19:21:19+01:00" level=debug msg="    Loading \"Certificate (aggregator)\"..."
time="2019-10-08T19:21:19+01:00" level=debug msg="    Loading \"Certificate (aggregator-ca-bundle)\"..."
time="2019-10-08T19:21:19+01:00" level=debug msg="      Loading \"Certificate (aggregator-signer)\"..."
time="2019-10-08T19:21:19+01:00" level=debug msg="    Loading \"Certificate (system:kube-apiserver-proxy)\"..."
time="2019-10-08T19:21:19+01:00" level=debug msg="      Loading \"Certificate (aggregator-signer)\"..."
time="2019-10-08T19:21:19+01:00" level=debug msg="    Loading \"Certificate (aggregator-signer)\"..."
time="2019-10-08T19:21:19+01:00" level=debug msg="    Loading \"Certificate (system:kube-apiserver-proxy)\"..."
time="2019-10-08T19:21:19+01:00" level=debug msg="      Loading \"Certificate (aggregator)\"..."
time="2019-10-08T19:21:19+01:00" level=debug msg="    Loading \"Certificate (etcd-ca-bundle)\"..."
time="2019-10-08T19:21:19+01:00" level=debug msg="    Loading \"Certificate (etcd-metric-ca-bundle)\"..."
time="2019-10-08T19:21:19+01:00" level=debug msg="    Loading \"Certificate (etcd-metric-signer)\"..."
time="2019-10-08T19:21:19+01:00" level=debug msg="    Loading \"Certificate (etcd-metric-signer-client)\"..."
time="2019-10-08T19:21:19+01:00" level=debug msg="    Loading \"Certificate (etcd-signer)\"..."
time="2019-10-08T19:21:19+01:00" level=debug msg="    Loading \"Certificate (etcd-client)\"..."
time="2019-10-08T19:21:19+01:00" level=debug msg="    Loading \"Certificate (journal-gatewayd)\"..."
time="2019-10-08T19:21:19+01:00" level=debug msg="      Loading \"Root CA\"..."
time="2019-10-08T19:21:19+01:00" level=debug msg="    Loading \"Certificate (kube-apiserver-lb-ca-bundle)\"..."
time="2019-10-08T19:21:19+01:00" level=debug msg="    Loading \"Certificate (kube-apiserver-external-lb-server)\"..."
time="2019-10-08T19:21:19+01:00" level=debug msg="      Loading \"Certificate (kube-apiserver-lb-signer)\"..."
time="2019-10-08T19:21:19+01:00" level=debug msg="      Loading \"Install Config\"..."
time="2019-10-08T19:21:19+01:00" level=debug msg="    Loading \"Certificate (kube-apiserver-internal-lb-server)\"..."
time="2019-10-08T19:21:19+01:00" level=debug msg="      Loading \"Certificate (kube-apiserver-lb-signer)\"..."
time="2019-10-08T19:21:19+01:00" level=debug msg="      Loading \"Install Config\"..."
time="2019-10-08T19:21:19+01:00" level=debug msg="    Loading \"Certificate (kube-apiserver-lb-signer)\"..."
time="2019-10-08T19:21:19+01:00" level=debug msg="    Loading \"Certificate (kube-apiserver-localhost-ca-bundle)\"..."
time="2019-10-08T19:21:19+01:00" level=debug msg="    Loading \"Certificate (kube-apiserver-localhost-server)\"..."
time="2019-10-08T19:21:19+01:00" level=debug msg="      Loading \"Certificate (kube-apiserver-localhost-signer)\"..."
time="2019-10-08T19:21:19+01:00" level=debug msg="    Loading \"Certificate (kube-apiserver-localhost-signer)\"..."
time="2019-10-08T19:21:19+01:00" level=debug msg="    Loading \"Certificate (kube-apiserver-service-network-ca-bundle)\"..."
time="2019-10-08T19:21:19+01:00" level=debug msg="    Loading \"Certificate (kube-apiserver-service-network-server)\"..."
time="2019-10-08T19:21:19+01:00" level=debug msg="      Loading \"Certificate (kube-apiserver-service-network-signer)\"..."
time="2019-10-08T19:21:19+01:00" level=debug msg="      Loading \"Install Config\"..."
time="2019-10-08T19:21:19+01:00" level=debug msg="    Loading \"Certificate (kube-apiserver-service-network-signer)\"..."
time="2019-10-08T19:21:19+01:00" level=debug msg="    Loading \"Certificate (kube-apiserver-complete-server-ca-bundle)\"..."
time="2019-10-08T19:21:19+01:00" level=debug msg="    Loading \"Certificate (kube-apiserver-complete-client-ca-bundle)\"..."
time="2019-10-08T19:21:19+01:00" level=debug msg="      Loading \"Certificate (admin-kubeconfig-ca-bundle)\"..."
time="2019-10-08T19:21:19+01:00" level=debug msg="      Loading \"Certificate (kubelet-client-ca-bundle)\"..."
time="2019-10-08T19:21:19+01:00" level=debug msg="        Loading \"Certificate (kubelet-signer)\"..."
time="2019-10-08T19:21:19+01:00" level=debug msg="      Loading \"Certificate (kube-control-plane-ca-bundle)\"..."
time="2019-10-08T19:21:19+01:00" level=debug msg="        Loading \"Certificate (kube-control-plane-signer)\"..."
time="2019-10-08T19:21:19+01:00" level=debug msg="        Loading \"Certificate (kube-apiserver-lb-signer)\"..."
time="2019-10-08T19:21:19+01:00" level=debug msg="        Loading \"Certificate (kube-apiserver-localhost-signer)\"..."
time="2019-10-08T19:21:19+01:00" level=debug msg="        Loading \"Certificate (kube-apiserver-service-network-signer)\"..."
time="2019-10-08T19:21:19+01:00" level=debug msg="      Loading \"Certificate (kube-apiserver-to-kubelet-ca-bundle)\"..."
time="2019-10-08T19:21:19+01:00" level=debug msg="        Loading \"Certificate (kube-apiserver-to-kubelet-signer)\"..."
time="2019-10-08T19:21:19+01:00" level=debug msg="      Loading \"Certificate (kubelet-bootstrap-kubeconfig-ca-bundle)\"..."
time="2019-10-08T19:21:19+01:00" level=debug msg="        Loading \"Certificate (kubelet-bootstrap-kubeconfig-signer)\"..."
time="2019-10-08T19:21:19+01:00" level=debug msg="    Loading \"Certificate (kube-apiserver-to-kubelet-ca-bundle)\"..."
time="2019-10-08T19:21:19+01:00" level=debug msg="    Loading \"Certificate (kube-apiserver-to-kubelet-client)\"..."
time="2019-10-08T19:21:19+01:00" level=debug msg="      Loading \"Certificate (kube-apiserver-to-kubelet-signer)\"..."
time="2019-10-08T19:21:19+01:00" level=debug msg="    Loading \"Certificate (kube-apiserver-to-kubelet-signer)\"..."
time="2019-10-08T19:21:19+01:00" level=debug msg="    Loading \"Certificate (kube-control-plane-ca-bundle)\"..."
time="2019-10-08T19:21:19+01:00" level=debug msg="    Loading \"Certificate (kube-control-plane-kube-controller-manager-client)\"..."
time="2019-10-08T19:21:19+01:00" level=debug msg="      Loading \"Certificate (kube-control-plane-signer)\"..."
time="2019-10-08T19:21:19+01:00" level=debug msg="    Loading \"Certificate (kube-control-plane-kube-scheduler-client)\"..."
time="2019-10-08T19:21:19+01:00" level=debug msg="      Loading \"Certificate (kube-control-plane-signer)\"..."
time="2019-10-08T19:21:19+01:00" level=debug msg="    Loading \"Certificate (kube-control-plane-signer)\"..."
time="2019-10-08T19:21:19+01:00" level=debug msg="    Loading \"Certificate (kubelet-bootstrap-kubeconfig-ca-bundle)\"..."
time="2019-10-08T19:21:19+01:00" level=debug msg="    Loading \"Certificate (kubelet-client-ca-bundle)\"..."
time="2019-10-08T19:21:19+01:00" level=debug msg="    Loading \"Certificate (kubelet-client)\"..."
time="2019-10-08T19:21:19+01:00" level=debug msg="    Loading \"Certificate (kubelet-signer)\"..."
time="2019-10-08T19:21:19+01:00" level=debug msg="    Loading \"Certificate (kubelet-serving-ca-bundle)\"..."
time="2019-10-08T19:21:19+01:00" level=debug msg="      Loading \"Certificate (kubelet-signer)\"..."
time="2019-10-08T19:21:19+01:00" level=debug msg="    Loading \"Certificate (mcs)\"..."
time="2019-10-08T19:21:19+01:00" level=debug msg="    Loading \"Root CA\"..."
time="2019-10-08T19:21:19+01:00" level=debug msg="    Loading \"Key Pair (service-account.pub)\"..."
time="2019-10-08T19:21:19+01:00" level=debug msg="  Loading \"Master Ignition Config\"..."
time="2019-10-08T19:21:19+01:00" level=debug msg="  Loading \"Master Machines\"..."
time="2019-10-08T19:21:19+01:00" level=debug msg="  Loading \"Worker Machines\"..."
time="2019-10-08T19:21:19+01:00" level=debug msg="  Fetching \"Cluster ID\"..."
time="2019-10-08T19:21:19+01:00" level=debug msg="    Fetching \"Install Config\"..."
time="2019-10-08T19:21:19+01:00" level=debug msg="      Fetching \"SSH Key\"..."
time="2019-10-08T19:21:19+01:00" level=debug msg="      Generating \"SSH Key\"..."
time="2019-10-08T19:21:21+01:00" level=fatal msg="failed to fetch Terraform Variables: failed to fetch dependency of \"Terraform Variables\": failed to fetch dependency of \"Cluster ID\": failed to fetch dependency of \"Install Config\": failed to generate asset \"SSH Key\": failed UserInput for SSH public key: interrupt"
